2023-10-18T11:37:27+00:00 CRITICAL Uncaught Error: Call to undefined function tolips_posted_on() in C:\xampp\htdocs\wordpress\wp-content\themes\tolips\templates\content\item-post-style-1.php:48
Stack trace:
#0 C:\xampp\htdocs\wordpress\wp-includes\template.php(787): require()
#1 C:\xampp\htdocs\wordpress\wp-includes\template.php(720): load_template('C:\\xampp\\htdocs...', false, Array)
#2 C:\xampp\htdocs\wordpress\wp-includes\general-template.php(206): locate_template(Array, true, false, Array)
#3 C:\xampp\htdocs\wordpress\wp-content\plugins\tolips-themer\elementor\templates\posts\carousel.php(27): get_template_part('templates/conte...', 'post-style-1')
#4 C:\xampp\htdocs\wordpress\wp-content\plugins\tolips-themer\elementor\elements\posts.php(498): include('C:\\xampp\\htdocs...')
#5 C:\xampp\htdocs\wordpress\wp-content\plugins\elementor\includes\base\controls-stack.php(2265): GVAElement_Posts->render()
#6 C:\xampp\htdocs\wordpress\wp-content\plugins\elementor\includes\base\widget-base.php(609): Elementor\Controls_Stack->render_by_mode()
#7 C:\xampp\htdocs\wordpress\wp-content\plugins\elementor\includes\base\widget-base.php(750): Elementor\Widget_Base->render_content()
#8 C:\xampp\htdocs\wordpress\wp-content\plugins\elementor\includes\base\element-base.php(464): Elementor\Widget_Base->print_content()
#9 C:\xampp\htdocs\wordpress\wp-content\plugins\elementor\includes\base\element-base.php(1375): Elementor\Element_Base->print_element()
#10 C:\xampp\htdocs\wordpress\wp-content\plugins\elementor\includes\base\element-base.php(464): Elementor\Element_Base->print_content()
#11 C:\xampp\htdocs\wordpress\wp-content\plugins\elementor\includes\base\element-base.php(1375): Elementor\Element_Base->print_element()
#12 C:\xampp\htdocs\wordpress\wp-content\plugins\elementor\includes\base\element-base.php(464): Elementor\Element_Base->print_content()
#13 C:\xampp\htdocs\wordpress\wp-content\plugins\elementor\core\base\document.php(1739): Elementor\Element_Base->print_element()
#14 C:\xampp\htdocs\wordpress\wp-content\plugins\elementor\core\base\document.php(1134): Elementor\Core\Base\Document->print_elements(Array)
#15 C:\xampp\htdocs\wordpress\wp-content\plugins\elementor\includes\frontend.php(1179): Elementor\Core\Base\Document->print_elements_with_wrapper(Array)
#16 C:\xampp\htdocs\wordpress\wp-content\plugins\elementor\includes\frontend.php(1074): Elementor\Frontend->get_builder_content(19)
#17 C:\xampp\htdocs\wordpress\wp-includes\class-wp-hook.php(310): Elementor\Frontend->apply_builder_in_content('<h2>\n          ...')
#18 C:\xampp\htdocs\wordpress\wp-includes\plugin.php(205): WP_Hook->apply_filters('<h2>\n          ...', Array)
#19 C:\xampp\htdocs\wordpress\wp-includes\post-template.php(256): apply_filters('the_content', '<h2>\n          ...')
#20 C:\xampp\htdocs\wordpress\wp-content\themes\tolips\templates\layout\page.php(15): the_content()
#21 C:\xampp\htdocs\wordpress\wp-includes\template.php(787): require('C:\\xampp\\htdocs...')
#22 C:\xampp\htdocs\wordpress\wp-includes\template.php(720): load_template('C:\\xampp\\htdocs...', false, Array)
#23 C:\xampp\htdocs\wordpress\wp-includes\general-template.php(206): locate_template(Array, true, false, Array)
#24 C:\xampp\htdocs\wordpress\wp-content\themes\tolips\includes\theme-layout.php(163): get_template_part('templates/layou...')
#25 C:\xampp\htdocs\wordpress\wp-content\themes\tolips\includes\theme-layout.php(126): tolips_get_template('page')
#26 C:\xampp\htdocs\wordpress\wp-content\themes\tolips\page.php(16): tolips_base_layout('page')
#27 C:\xampp\htdocs\wordpress\wp-includes\template-loader.php(106): include('C:\\xampp\\htdocs...')
#28 C:\xampp\htdocs\wordpress\wp-blog-header.php(19): require_once('C:\\xampp\\htdocs...')
#29 C:\xampp\htdocs\wordpress\index.php(17): require('C:\\xampp\\htdocs...')
#30 {main}
  thrown en C:\xampp\htdocs\wordpress\wp-content\themes\tolips\templates\content\item-post-style-1.php en la línea 48

2023-10-18T11:38:00+00:00 CRITICAL Uncaught Error: Call to undefined function tolips_posted_on() in C:\xampp\htdocs\wordpress\wp-content\themes\tolips\templates\content\item-post-style-1.php:48
Stack trace:
#0 C:\xampp\htdocs\wordpress\wp-includes\template.php(787): require()
#1 C:\xampp\htdocs\wordpress\wp-includes\template.php(720): load_template('C:\\xampp\\htdocs...', false, Array)
#2 C:\xampp\htdocs\wordpress\wp-includes\general-template.php(206): locate_template(Array, true, false, Array)
#3 C:\xampp\htdocs\wordpress\wp-content\plugins\tolips-themer\elementor\templates\posts\carousel.php(27): get_template_part('templates/conte...', 'post-style-1')
#4 C:\xampp\htdocs\wordpress\wp-content\plugins\tolips-themer\elementor\elements\posts.php(498): include('C:\\xampp\\htdocs...')
#5 C:\xampp\htdocs\wordpress\wp-content\plugins\elementor\includes\base\controls-stack.php(2265): GVAElement_Posts->render()
#6 C:\xampp\htdocs\wordpress\wp-content\plugins\elementor\includes\base\widget-base.php(609): Elementor\Controls_Stack->render_by_mode()
#7 C:\xampp\htdocs\wordpress\wp-content\plugins\elementor\includes\base\widget-base.php(750): Elementor\Widget_Base->render_content()
#8 C:\xampp\htdocs\wordpress\wp-content\plugins\elementor\includes\base\element-base.php(464): Elementor\Widget_Base->print_content()
#9 C:\xampp\htdocs\wordpress\wp-content\plugins\elementor\includes\base\element-base.php(1375): Elementor\Element_Base->print_element()
#10 C:\xampp\htdocs\wordpress\wp-content\plugins\elementor\includes\base\element-base.php(464): Elementor\Element_Base->print_content()
#11 C:\xampp\htdocs\wordpress\wp-content\plugins\elementor\includes\base\element-base.php(1375): Elementor\Element_Base->print_element()
#12 C:\xampp\htdocs\wordpress\wp-content\plugins\elementor\includes\base\element-base.php(464): Elementor\Element_Base->print_content()
#13 C:\xampp\htdocs\wordpress\wp-content\plugins\elementor\core\base\document.php(1739): Elementor\Element_Base->print_element()
#14 C:\xampp\htdocs\wordpress\wp-content\plugins\elementor\core\base\document.php(1134): Elementor\Core\Base\Document->print_elements(Array)
#15 C:\xampp\htdocs\wordpress\wp-content\plugins\elementor\includes\frontend.php(1179): Elementor\Core\Base\Document->print_elements_with_wrapper(Array)
#16 C:\xampp\htdocs\wordpress\wp-content\plugins\elementor\includes\frontend.php(1074): Elementor\Frontend->get_builder_content(19)
#17 C:\xampp\htdocs\wordpress\wp-includes\class-wp-hook.php(310): Elementor\Frontend->apply_builder_in_content('<h2>\n          ...')
#18 C:\xampp\htdocs\wordpress\wp-includes\plugin.php(205): WP_Hook->apply_filters('<h2>\n          ...', Array)
#19 C:\xampp\htdocs\wordpress\wp-includes\post-template.php(256): apply_filters('the_content', '<h2>\n          ...')
#20 C:\xampp\htdocs\wordpress\wp-content\themes\tolips\templates\layout\page.php(15): the_content()
#21 C:\xampp\htdocs\wordpress\wp-includes\template.php(787): require('C:\\xampp\\htdocs...')
#22 C:\xampp\htdocs\wordpress\wp-includes\template.php(720): load_template('C:\\xampp\\htdocs...', false, Array)
#23 C:\xampp\htdocs\wordpress\wp-includes\general-template.php(206): locate_template(Array, true, false, Array)
#24 C:\xampp\htdocs\wordpress\wp-content\themes\tolips\includes\theme-layout.php(163): get_template_part('templates/layou...')
#25 C:\xampp\htdocs\wordpress\wp-content\themes\tolips\includes\theme-layout.php(126): tolips_get_template('page')
#26 C:\xampp\htdocs\wordpress\wp-content\themes\tolips\page.php(16): tolips_base_layout('page')
#27 C:\xampp\htdocs\wordpress\wp-includes\template-loader.php(106): include('C:\\xampp\\htdocs...')
#28 C:\xampp\htdocs\wordpress\wp-blog-header.php(19): require_once('C:\\xampp\\htdocs...')
#29 C:\xampp\htdocs\wordpress\index.php(17): require('C:\\xampp\\htdocs...')
#30 {main}
  thrown en C:\xampp\htdocs\wordpress\wp-content\themes\tolips\templates\content\item-post-style-1.php en la línea 48

2023-10-18T11:40:07+00:00 CRITICAL Uncaught Error: Call to undefined function tolips_posted_on() in C:\xampp\htdocs\wordpress\wp-content\themes\tolips\templates\content\item-post-style-1.php:48
Stack trace:
#0 C:\xampp\htdocs\wordpress\wp-includes\template.php(787): require()
#1 C:\xampp\htdocs\wordpress\wp-includes\template.php(720): load_template('C:\\xampp\\htdocs...', false, Array)
#2 C:\xampp\htdocs\wordpress\wp-includes\general-template.php(206): locate_template(Array, true, false, Array)
#3 C:\xampp\htdocs\wordpress\wp-content\plugins\tolips-themer\elementor\templates\posts\carousel.php(27): get_template_part('templates/conte...', 'post-style-1')
#4 C:\xampp\htdocs\wordpress\wp-content\plugins\tolips-themer\elementor\elements\posts.php(498): include('C:\\xampp\\htdocs...')
#5 C:\xampp\htdocs\wordpress\wp-content\plugins\elementor\includes\base\controls-stack.php(2265): GVAElement_Posts->render()
#6 C:\xampp\htdocs\wordpress\wp-content\plugins\elementor\includes\base\widget-base.php(609): Elementor\Controls_Stack->render_by_mode()
#7 C:\xampp\htdocs\wordpress\wp-content\plugins\elementor\includes\base\widget-base.php(750): Elementor\Widget_Base->render_content()
#8 C:\xampp\htdocs\wordpress\wp-content\plugins\elementor\includes\base\element-base.php(464): Elementor\Widget_Base->print_content()
#9 C:\xampp\htdocs\wordpress\wp-content\plugins\elementor\includes\base\element-base.php(1375): Elementor\Element_Base->print_element()
#10 C:\xampp\htdocs\wordpress\wp-content\plugins\elementor\includes\base\element-base.php(464): Elementor\Element_Base->print_content()
#11 C:\xampp\htdocs\wordpress\wp-content\plugins\elementor\includes\base\element-base.php(1375): Elementor\Element_Base->print_element()
#12 C:\xampp\htdocs\wordpress\wp-content\plugins\elementor\includes\base\element-base.php(464): Elementor\Element_Base->print_content()
#13 C:\xampp\htdocs\wordpress\wp-content\plugins\elementor\core\base\document.php(1739): Elementor\Element_Base->print_element()
#14 C:\xampp\htdocs\wordpress\wp-content\plugins\elementor\core\base\document.php(1134): Elementor\Core\Base\Document->print_elements(Array)
#15 C:\xampp\htdocs\wordpress\wp-content\plugins\elementor\includes\frontend.php(1179): Elementor\Core\Base\Document->print_elements_with_wrapper(Array)
#16 C:\xampp\htdocs\wordpress\wp-content\plugins\elementor\includes\frontend.php(1074): Elementor\Frontend->get_builder_content(19)
#17 C:\xampp\htdocs\wordpress\wp-includes\class-wp-hook.php(310): Elementor\Frontend->apply_builder_in_content('<h2>\n          ...')
#18 C:\xampp\htdocs\wordpress\wp-includes\plugin.php(205): WP_Hook->apply_filters('<h2>\n          ...', Array)
#19 C:\xampp\htdocs\wordpress\wp-includes\post-template.php(256): apply_filters('the_content', '<h2>\n          ...')
#20 C:\xampp\htdocs\wordpress\wp-content\themes\tolips\templates\layout\page.php(15): the_content()
#21 C:\xampp\htdocs\wordpress\wp-includes\template.php(787): require('C:\\xampp\\htdocs...')
#22 C:\xampp\htdocs\wordpress\wp-includes\template.php(720): load_template('C:\\xampp\\htdocs...', false, Array)
#23 C:\xampp\htdocs\wordpress\wp-includes\general-template.php(206): locate_template(Array, true, false, Array)
#24 C:\xampp\htdocs\wordpress\wp-content\themes\tolips\includes\theme-layout.php(163): get_template_part('templates/layou...')
#25 C:\xampp\htdocs\wordpress\wp-content\themes\tolips\includes\theme-layout.php(126): tolips_get_template('page')
#26 C:\xampp\htdocs\wordpress\wp-content\themes\tolips\page.php(16): tolips_base_layout('page')
#27 C:\xampp\htdocs\wordpress\wp-includes\template-loader.php(106): include('C:\\xampp\\htdocs...')
#28 C:\xampp\htdocs\wordpress\wp-blog-header.php(19): require_once('C:\\xampp\\htdocs...')
#29 C:\xampp\htdocs\wordpress\index.php(17): require('C:\\xampp\\htdocs...')
#30 {main}
  thrown en C:\xampp\htdocs\wordpress\wp-content\themes\tolips\templates\content\item-post-style-1.php en la línea 48

