2023-11-17T02:01:52+00:00 CRITICAL Uncaught Error: Call to undefined function console_log() in C:\wamp64\www\wordpress\wp-content\themes\tolips\ulisting\loop\content\item-grid-1.php:58
Stack trace:
#0 C:\wamp64\www\wordpress\wp-content\plugins\ulisting\includes\classes\StmListingTemplate.php(51): include()
#1 C:\wamp64\www\wordpress\wp-content\plugins\ulisting\includes\classes\StmListingTemplate.php(33): uListing\Classes\StmListingTemplate::load('loop/content/it...', Array)
#2 C:\wamp64\www\wordpress\wp-content\themes\tolips\ulisting\loop\preview.php(14): uListing\Classes\StmListingTemplate::load_template('loop/content/it...', Array, true)
#3 C:\wamp64\www\wordpress\wp-content\plugins\ulisting\includes\classes\StmListingTemplate.php(51): include('C:\\wamp64\\www\\w...')
#4 C:\wamp64\www\wordpress\wp-content\themes\tolips\ulisting\builder\column.php(65): uListing\Classes\StmListingTemplate::load('loop/preview', Array, 'ulisting/', '')
#5 C:\wamp64\www\wordpress\wp-content\plugins\ulisting\includes\classes\StmListingTemplate.php(51): include('C:\\wamp64\\www\\w...')
#6 C:\wamp64\www\wordpress\wp-content\plugins\ulisting\includes\classes\StmListingTemplate.php(33): uListing\Classes\StmListingTemplate::load('builder/column', Array)
#7 C:\wamp64\www\wordpress\wp-content\themes\tolips\ulisting\builder\row.php(25): uListing\Classes\StmListingTemplate::load_template('builder/column', Array, true)
#8 C:\wamp64\www\wordpress\wp-content\plugins\ulisting\includes\classes\StmListingTemplate.php(51): include('C:\\wamp64\\www\\w...')
#9 C:\wamp64\www\wordpress\wp-content\plugins\ulisting\includes\classes\StmListingTemplate.php(33): uListing\Classes\StmListingTemplate::load('builder/row', Array)
#10 C:\wamp64\www\wordpress\wp-content\themes\tolips\ulisting\builder\section.php(32): uListing\Classes\StmListingTemplate::load_template('builder/row', Array, true)
#11 C:\wamp64\www\wordpress\wp-content\plugins\ulisting\includes\classes\StmListingTemplate.php(51): include('C:\\wamp64\\www\\w...')
#12 C:\wamp64\www\wordpress\wp-content\plugins\ulisting\includes\classes\StmListingTemplate.php(32): uListing\Classes\StmListingTemplate::load('builder/section', Array)
#13 C:\wamp64\www\wordpress\wp-content\plugins\ulisting\includes\classes\builder\UListingBuilder.php(896): uListing\Classes\StmListingTemplate::load_template('builder/section', Array)
#14 C:\wamp64\www\wordpress\wp-content\themes\tolips\ulisting\loop\grid.php(19): uListing\Classes\Builder\UListingBuilder::render(Array, 'ulisting_item_c...', Array)
#15 C:\wamp64\www\wordpress\wp-content\plugins\ulisting\includes\classes\StmListingTemplate.php(51): include('C:\\wamp64\\www\\w...')
#16 C:\wamp64\www\wordpress\wp-content\plugins\ulisting\includes\classes\StmListingTemplate.php(33): uListing\Classes\StmListingTemplate::load('loop/grid', Array)
#17 C:\wamp64\www\wordpress\wp-content\themes\tolips\ulisting\loop\loop.php(19): uListing\Classes\StmListingTemplate::load_template('loop/grid', Array, true)
#18 C:\wamp64\www\wordpress\wp-content\plugins\ulisting\includes\classes\StmListingTemplate.php(51): include('C:\\wamp64\\www\\w...')
#19 C:\wamp64\www\wordpress\wp-content\plugins\ulisting\includes\classes\StmListingTemplate.php(32): uListing\Classes\StmListingTemplate::load('loop/loop', Array)
#20 C:\wamp64\www\wordpress\wp-content\themes\tolips\ulisting\listing-list\items.php(59): uListing\Classes\StmListingTemplate::load_template('loop/loop', Array, false)
#21 C:\wamp64\www\wordpress\wp-content\plugins\ulisting\includes\classes\StmListingTemplate.php(51): include('C:\\wamp64\\www\\w...')
#22 C:\wamp64\www\wordpress\wp-content\plugins\ulisting\includes\classes\StmListingTemplate.php(32): uListing\Classes\StmListingTemplate::load('listing-list/it...', Array)
#23 C:\wamp64\www\wordpress\wp-content\themes\tolips\ulisting\listing-list\listing-list.php(27): uListing\Classes\StmListingTemplate::load_template('listing-list/it...', Array)
#24 C:\wamp64\www\wordpress\wp-content\plugins\ulisting\includes\classes\StmListingTemplate.php(51): include('C:\\wamp64\\www\\w...')
#25 C:\wamp64\www\wordpress\wp-content\themes\tolips\ulisting\builder\column.php(65): uListing\Classes\StmListingTemplate::load('listing-list/li...', Array, 'ulisting/', '')
#26 C:\wamp64\www\wordpress\wp-content\plugins\ulisting\includes\classes\StmListingTemplate.php(51): include('C:\\wamp64\\www\\w...')
#27 C:\wamp64\www\wordpress\wp-content\plugins\ulisting\includes\classes\StmListingTemplate.php(33): uListing\Classes\StmListingTemplate::load('builder/column', Array)
#28 C:\wamp64\www\wordpress\wp-content\themes\tolips\ulisting\builder\row.php(25): uListing\Classes\StmListingTemplate::load_template('builder/column', Array, true)
#29 C:\wamp64\www\wordpress\wp-content\plugins\ulisting\includes\classes\StmListingTemplate.php(51): include('C:\\wamp64\\www\\w...')
#30 C:\wamp64\www\wordpress\wp-content\plugins\ulisting\includes\classes\StmListingTemplate.php(33): uListing\Classes\StmListingTemplate::load('builder/row', Array)
#31 C:\wamp64\www\wordpress\wp-content\themes\tolips\ulisting\builder\section.php(32): uListing\Classes\StmListingTemplate::load_template('builder/row', Array, true)
#32 C:\wamp64\www\wordpress\wp-content\plugins\ulisting\includes\classes\StmListingTemplate.php(51): include('C:\\wamp64\\www\\w...')
#33 C:\wamp64\www\wordpress\wp-content\plugins\ulisting\includes\classes\StmListingTemplate.php(32): uListing\Classes\StmListingTemplate::load('builder/section', Array)
#34 C:\wamp64\www\wordpress\wp-content\plugins\ulisting\includes\classes\builder\UListingBuilder.php(896): uListing\Classes\StmListingTemplate::load_template('builder/section', Array)
#35 C:\wamp64\www\wordpress\wp-content\themes\tolips\ulisting\listing\listing.php(174): uListing\Classes\Builder\UListingBuilder::render(Array, 'ulisting_type_p...', Array)
#36 C:\wamp64\www\wordpress\wp-content\plugins\ulisting\includes\classes\StmListingTemplate.php(51): include('C:\\wamp64\\www\\w...')
#37 C:\wamp64\www\wordpress\wp-content\plugins\ulisting\includes\classes\StmListingTemplate.php(32): uListing\Classes\StmListingTemplate::load('listing/listing', Array)
#38 C:\wamp64\www\wordpress\wp-content\plugins\ulisting\includes\classes\StmListingType.php(796): uListing\Classes\StmListingTemplate::load_template('listing/listing', Array)
#39 C:\wamp64\www\wordpress\wp-includes\class-wp-hook.php(310): uListing\Classes\StmListingType::listing_page('')
#40 C:\wamp64\www\wordpress\wp-includes\plugin.php(205): WP_Hook->apply_filters('', Array)
#41 C:\wamp64\www\wordpress\wp-includes\post-template.php(256): apply_filters('the_content', '')
#42 C:\wamp64\www\wordpress\wp-content\themes\tolips\templates\layout\page.php(15): the_content()
#43 C:\wamp64\www\wordpress\wp-includes\template.php(787): require('C:\\wamp64\\www\\w...')
#44 C:\wamp64\www\wordpress\wp-includes\template.php(720): load_template('C:\\wamp64\\www\\w...', false, Array)
#45 C:\wamp64\www\wordpress\wp-includes\general-template.php(206): locate_template(Array, true, false, Array)
#46 C:\wamp64\www\wordpress\wp-content\themes\tolips\includes\theme-layout.php(163): get_template_part('templates/layou...')
#47 C:\wamp64\www\wordpress\wp-content\themes\tolips\includes\theme-layout.php(126): tolips_get_template('page')
#48 C:\wamp64\www\wordpress\wp-content\themes\tolips\page.php(16): tolips_base_layout('page')
#49 C:\wamp64\www\wordpress\wp-includes\template-loader.php(106): include('C:\\wamp64\\www\\w...')
#50 C:\wamp64\www\wordpress\wp-blog-header.php(19): require_once('C:\\wamp64\\www\\w...')
#51 C:\wamp64\www\wordpress\index.php(17): require('C:\\wamp64\\www\\w...')
#52 {main}
  thrown en C:\wamp64\www\wordpress\wp-content\themes\tolips\ulisting\loop\content\item-grid-1.php en la línea 58

2023-11-17T02:02:30+00:00 CRITICAL Uncaught Error: Call to undefined function console_log() in C:\wamp64\www\wordpress\wp-content\themes\tolips\ulisting\loop\content\item-grid-1.php:58
Stack trace:
#0 C:\wamp64\www\wordpress\wp-content\plugins\ulisting\includes\classes\StmListingTemplate.php(51): include()
#1 C:\wamp64\www\wordpress\wp-content\plugins\ulisting\includes\classes\StmListingTemplate.php(33): uListing\Classes\StmListingTemplate::load('loop/content/it...', Array)
#2 C:\wamp64\www\wordpress\wp-content\themes\tolips\ulisting\loop\preview.php(14): uListing\Classes\StmListingTemplate::load_template('loop/content/it...', Array, true)
#3 C:\wamp64\www\wordpress\wp-content\plugins\ulisting\includes\classes\StmListingTemplate.php(51): include('C:\\wamp64\\www\\w...')
#4 C:\wamp64\www\wordpress\wp-content\themes\tolips\ulisting\builder\column.php(65): uListing\Classes\StmListingTemplate::load('loop/preview', Array, 'ulisting/', '')
#5 C:\wamp64\www\wordpress\wp-content\plugins\ulisting\includes\classes\StmListingTemplate.php(51): include('C:\\wamp64\\www\\w...')
#6 C:\wamp64\www\wordpress\wp-content\plugins\ulisting\includes\classes\StmListingTemplate.php(33): uListing\Classes\StmListingTemplate::load('builder/column', Array)
#7 C:\wamp64\www\wordpress\wp-content\themes\tolips\ulisting\builder\row.php(25): uListing\Classes\StmListingTemplate::load_template('builder/column', Array, true)
#8 C:\wamp64\www\wordpress\wp-content\plugins\ulisting\includes\classes\StmListingTemplate.php(51): include('C:\\wamp64\\www\\w...')
#9 C:\wamp64\www\wordpress\wp-content\plugins\ulisting\includes\classes\StmListingTemplate.php(33): uListing\Classes\StmListingTemplate::load('builder/row', Array)
#10 C:\wamp64\www\wordpress\wp-content\themes\tolips\ulisting\builder\section.php(32): uListing\Classes\StmListingTemplate::load_template('builder/row', Array, true)
#11 C:\wamp64\www\wordpress\wp-content\plugins\ulisting\includes\classes\StmListingTemplate.php(51): include('C:\\wamp64\\www\\w...')
#12 C:\wamp64\www\wordpress\wp-content\plugins\ulisting\includes\classes\StmListingTemplate.php(32): uListing\Classes\StmListingTemplate::load('builder/section', Array)
#13 C:\wamp64\www\wordpress\wp-content\plugins\ulisting\includes\classes\builder\UListingBuilder.php(896): uListing\Classes\StmListingTemplate::load_template('builder/section', Array)
#14 C:\wamp64\www\wordpress\wp-content\themes\tolips\ulisting\loop\grid.php(19): uListing\Classes\Builder\UListingBuilder::render(Array, 'ulisting_item_c...', Array)
#15 C:\wamp64\www\wordpress\wp-content\plugins\ulisting\includes\classes\StmListingTemplate.php(51): include('C:\\wamp64\\www\\w...')
#16 C:\wamp64\www\wordpress\wp-content\plugins\ulisting\includes\classes\StmListingTemplate.php(33): uListing\Classes\StmListingTemplate::load('loop/grid', Array)
#17 C:\wamp64\www\wordpress\wp-content\themes\tolips\ulisting\loop\loop.php(19): uListing\Classes\StmListingTemplate::load_template('loop/grid', Array, true)
#18 C:\wamp64\www\wordpress\wp-content\plugins\ulisting\includes\classes\StmListingTemplate.php(51): include('C:\\wamp64\\www\\w...')
#19 C:\wamp64\www\wordpress\wp-content\plugins\ulisting\includes\classes\StmListingTemplate.php(32): uListing\Classes\StmListingTemplate::load('loop/loop', Array)
#20 C:\wamp64\www\wordpress\wp-content\themes\tolips\ulisting\listing-list\items.php(59): uListing\Classes\StmListingTemplate::load_template('loop/loop', Array, false)
#21 C:\wamp64\www\wordpress\wp-content\plugins\ulisting\includes\classes\StmListingTemplate.php(51): include('C:\\wamp64\\www\\w...')
#22 C:\wamp64\www\wordpress\wp-content\plugins\ulisting\includes\classes\StmListingTemplate.php(32): uListing\Classes\StmListingTemplate::load('listing-list/it...', Array)
#23 C:\wamp64\www\wordpress\wp-content\themes\tolips\ulisting\listing-list\listing-list.php(27): uListing\Classes\StmListingTemplate::load_template('listing-list/it...', Array)
#24 C:\wamp64\www\wordpress\wp-content\plugins\ulisting\includes\classes\StmListingTemplate.php(51): include('C:\\wamp64\\www\\w...')
#25 C:\wamp64\www\wordpress\wp-content\themes\tolips\ulisting\builder\column.php(65): uListing\Classes\StmListingTemplate::load('listing-list/li...', Array, 'ulisting/', '')
#26 C:\wamp64\www\wordpress\wp-content\plugins\ulisting\includes\classes\StmListingTemplate.php(51): include('C:\\wamp64\\www\\w...')
#27 C:\wamp64\www\wordpress\wp-content\plugins\ulisting\includes\classes\StmListingTemplate.php(33): uListing\Classes\StmListingTemplate::load('builder/column', Array)
#28 C:\wamp64\www\wordpress\wp-content\themes\tolips\ulisting\builder\row.php(25): uListing\Classes\StmListingTemplate::load_template('builder/column', Array, true)
#29 C:\wamp64\www\wordpress\wp-content\plugins\ulisting\includes\classes\StmListingTemplate.php(51): include('C:\\wamp64\\www\\w...')
#30 C:\wamp64\www\wordpress\wp-content\plugins\ulisting\includes\classes\StmListingTemplate.php(33): uListing\Classes\StmListingTemplate::load('builder/row', Array)
#31 C:\wamp64\www\wordpress\wp-content\themes\tolips\ulisting\builder\section.php(32): uListing\Classes\StmListingTemplate::load_template('builder/row', Array, true)
#32 C:\wamp64\www\wordpress\wp-content\plugins\ulisting\includes\classes\StmListingTemplate.php(51): include('C:\\wamp64\\www\\w...')
#33 C:\wamp64\www\wordpress\wp-content\plugins\ulisting\includes\classes\StmListingTemplate.php(32): uListing\Classes\StmListingTemplate::load('builder/section', Array)
#34 C:\wamp64\www\wordpress\wp-content\plugins\ulisting\includes\classes\builder\UListingBuilder.php(896): uListing\Classes\StmListingTemplate::load_template('builder/section', Array)
#35 C:\wamp64\www\wordpress\wp-content\themes\tolips\ulisting\listing\listing.php(174): uListing\Classes\Builder\UListingBuilder::render(Array, 'ulisting_type_p...', Array)
#36 C:\wamp64\www\wordpress\wp-content\plugins\ulisting\includes\classes\StmListingTemplate.php(51): include('C:\\wamp64\\www\\w...')
#37 C:\wamp64\www\wordpress\wp-content\plugins\ulisting\includes\classes\StmListingTemplate.php(32): uListing\Classes\StmListingTemplate::load('listing/listing', Array)
#38 C:\wamp64\www\wordpress\wp-content\plugins\ulisting\includes\classes\StmListingType.php(796): uListing\Classes\StmListingTemplate::load_template('listing/listing', Array)
#39 C:\wamp64\www\wordpress\wp-includes\class-wp-hook.php(310): uListing\Classes\StmListingType::listing_page('')
#40 C:\wamp64\www\wordpress\wp-includes\plugin.php(205): WP_Hook->apply_filters('', Array)
#41 C:\wamp64\www\wordpress\wp-includes\post-template.php(256): apply_filters('the_content', '')
#42 C:\wamp64\www\wordpress\wp-content\themes\tolips\templates\layout\page.php(15): the_content()
#43 C:\wamp64\www\wordpress\wp-includes\template.php(787): require('C:\\wamp64\\www\\w...')
#44 C:\wamp64\www\wordpress\wp-includes\template.php(720): load_template('C:\\wamp64\\www\\w...', false, Array)
#45 C:\wamp64\www\wordpress\wp-includes\general-template.php(206): locate_template(Array, true, false, Array)
#46 C:\wamp64\www\wordpress\wp-content\themes\tolips\includes\theme-layout.php(163): get_template_part('templates/layou...')
#47 C:\wamp64\www\wordpress\wp-content\themes\tolips\includes\theme-layout.php(126): tolips_get_template('page')
#48 C:\wamp64\www\wordpress\wp-content\themes\tolips\page.php(16): tolips_base_layout('page')
#49 C:\wamp64\www\wordpress\wp-includes\template-loader.php(106): include('C:\\wamp64\\www\\w...')
#50 C:\wamp64\www\wordpress\wp-blog-header.php(19): require_once('C:\\wamp64\\www\\w...')
#51 C:\wamp64\www\wordpress\index.php(17): require('C:\\wamp64\\www\\w...')
#52 {main}
  thrown en C:\wamp64\www\wordpress\wp-content\themes\tolips\ulisting\loop\content\item-grid-1.php en la línea 58

